<?xml version="1.0" encoding="UTF-8"?>
<!-- Generated by org.testng.reporters.JUnitXMLReporter -->
<testsuite hostname="Kunal-PC" name="Test-2" tests="3" failures="0" timestamp="12 Jan 2023 04:41:44 GMT" time="30.201" errors="0">
  <testcase name="addProduct" time="6.731" classname="com.manufacturer.testScript.AddProductUsing_BC"/>
  <testcase name="simple1" time="0.003" classname="com.manufacturer.testScript.AddProductUsing_BC"/>
  <testcase name="simple2" time="0.002" classname="com.manufacturer.testScript.AddProductUsing_BC"/>
</testsuite> <!-- Test-2 -->
