<?xml version="1.0" encoding="UTF-8"?>
<!-- Generated by org.testng.reporters.JUnitReportReporter -->
<testsuite hostname="Kunal-PC" name="practice_package.GroupTestNGTest_2" tests="1" failures="0" timestamp="11 Jan 2023 05:15:05 GMT" time="0.025" errors="0">
  <testcase name="simple4" time="0.025" classname="practice_package.GroupTestNGTest_2"/>
</testsuite> <!-- practice_package.GroupTestNGTest_2 -->
