<?xml version="1.0" encoding="UTF-8"?>
<!-- Generated by org.testng.reporters.JUnitReportReporter -->
<testsuite hostname="Kunal-PC" name="practice_package.SampleTestNGTest_1" tests="2" failures="0" timestamp="10 Jan 2023 07:25:09 GMT" time="0.047" errors="0">
  <testcase name="simple2" time="0.016" classname="practice_package.SampleTestNGTest_1"/>
  <testcase name="simple1" time="0.031" classname="practice_package.SampleTestNGTest_1"/>
</testsuite> <!-- practice_package.SampleTestNGTest_1 -->
