<?xml version="1.0" encoding="UTF-8"?>
<!-- Generated by org.testng.reporters.JUnitReportReporter -->
<testsuite hostname="Kunal-PC" name="practice_package.SampleTestNGTest_3" tests="2" failures="0" timestamp="10 Jan 2023 07:25:09 GMT" time="0.000" errors="0">
  <testcase name="simple5" time="0.000" classname="practice_package.SampleTestNGTest_3"/>
  <testcase name="simple6" time="0.000" classname="practice_package.SampleTestNGTest_3"/>
</testsuite> <!-- practice_package.SampleTestNGTest_3 -->
