<?xml version="1.0" encoding="UTF-8"?>
<!-- Generated by org.testng.reporters.JUnitReportReporter -->
<testsuite hostname="Kunal-PC" name="practice_package.BaseClass" tests="3" failures="0" timestamp="9 Jan 2023 09:31:09 GMT" time="0.016" errors="0">
  <testcase name="postAnOrder" time="0.016" classname="practice_package.BaseClass"/>
  <testcase name="postAnOrder" time="0.000" classname="practice_package.BaseClass"/>
  <testcase name="verifyThePost" time="0.000" classname="practice_package.BaseClass"/>
</testsuite> <!-- practice_package.BaseClass -->
