<?xml version="1.0" encoding="UTF-8"?>
<!-- Generated by org.testng.reporters.JUnitReportReporter -->
<testsuite hostname="Kunal-PC" name="practice_package.CheckingTestNG" tests="3" failures="0" timestamp="6 Jan 2023 07:34:33 GMT" time="0.016" errors="0">
  <testcase name="update" time="0.016" classname="practice_package.CheckingTestNG"/>
  <testcase name="create" time="0.000" classname="practice_package.CheckingTestNG"/>
  <testcase name="deleted" time="0.000" classname="practice_package.CheckingTestNG"/>
</testsuite> <!-- practice_package.CheckingTestNG -->
