<?xml version="1.0" encoding="UTF-8"?>
<!-- Generated by org.testng.reporters.JUnitReportReporter -->
<testsuite hostname="Kunal-PC" name="com.retailer.testScript.PostAnOrderUsing_BC" tests="1" failures="0" timestamp="10 Jan 2023 09:20:34 GMT" time="13.849" errors="0">
  <testcase name="PostAnOrder" time="13.849" classname="com.retailer.testScript.PostAnOrderUsing_BC"/>
</testsuite> <!-- com.retailer.testScript.PostAnOrderUsing_BC -->
