<?xml version="1.0" encoding="UTF-8"?>
<!-- Generated by org.testng.reporters.JUnitReportReporter -->
<testsuite hostname="Kunal-PC" name="practice_package.DataProviderTest" tests="4" failures="0" timestamp="9 Jan 2023 07:03:40 GMT" time="0.050" errors="0">
  <testcase name="readData" time="0.008" classname="practice_package.DataProviderTest"/>
  <testcase name="readData" time="0.008" classname="practice_package.DataProviderTest"/>
  <testcase name="readData" time="0.026" classname="practice_package.DataProviderTest"/>
  <testcase name="readData" time="0.008" classname="practice_package.DataProviderTest"/>
</testsuite> <!-- practice_package.DataProviderTest -->
