<?xml version="1.0" encoding="UTF-8"?>
<!-- Generated by org.testng.reporters.JUnitReportReporter -->
<testsuite hostname="Kunal-PC" name="com.manufacturer.testScript.AddProductUsing_BC" tests="2" failures="0" timestamp="18 Jan 2023 06:32:47 GMT" time="13.415" errors="0">
  <testcase name="addProduct" time="8.755" classname="com.manufacturer.testScript.AddProductUsing_BC"/>
  <testcase name="simple1" time="4.660" classname="com.manufacturer.testScript.AddProductUsing_BC"/>
</testsuite> <!-- com.manufacturer.testScript.AddProductUsing_BC -->
